<?xml version="1.0" encoding="UTF-8"?>
<!-- Generated by org.testng.reporters.JUnitReportReporter -->
<testsuite hostname="DESKTOP-FLBM77S" failures="0" tests="2" name="testNGExecution.LaunchInstagram" time="42.533" errors="0" timestamp="2025-03-05T15:45:06 IST" skipped="0">
  <testcase classname="testNGExecution.LaunchInstagram" name="launchInstagramTC" time="19.560"/>
  <system-out/>
  <testcase classname="testNGExecution.LaunchInstagram" name="launchInstagramTC" time="22.973"/>
  <system-out/>
</testsuite> <!-- testNGExecution.LaunchInstagram -->
