<?xml version="1.0" encoding="UTF-8"?>
<!-- Generated by org.testng.reporters.JUnitReportReporter -->
<testsuite hostname="DESKTOP-FLBM77S" failures="0" tests="5" name="testNGPackage1.ToUnderstandPriorityAttribute" time="0.033" errors="0" timestamp="2025-03-03T15:14:43 IST" skipped="0">
  <testcase classname="testNGPackage1.ToUnderstandPriorityAttribute" name="register" time="0.025"/>
  <system-out>
    <![CDATA[This is TestNG register method ]]>
  </system-out>
  <testcase classname="testNGPackage1.ToUnderstandPriorityAttribute" name="login" time="0.004"/>
  <system-out>
    <![CDATA[This is TestNG login method ]]>
  </system-out>
  <testcase classname="testNGPackage1.ToUnderstandPriorityAttribute" name="checkAccountBalance" time="0.002"/>
  <system-out>
    <![CDATA[This is TestNG checkAccountBalance method ]]>
  </system-out>
  <testcase classname="testNGPackage1.ToUnderstandPriorityAttribute" name="moneyTransfer" time="0.001"/>
  <system-out>
    <![CDATA[This is TestNG moneyTransfer method ]]>
  </system-out>
  <testcase classname="testNGPackage1.ToUnderstandPriorityAttribute" name="logout" time="0.001"/>
  <system-out>
    <![CDATA[This is TestNG logout method ]]>
  </system-out>
</testsuite> <!-- testNGPackage1.ToUnderstandPriorityAttribute -->
