<?xml version="1.0" encoding="UTF-8"?>
<!-- Generated by org.testng.reporters.JUnitReportReporter -->
<testsuite hostname="DESKTOP-FLBM77S" failures="0" tests="2" name="testNGPackage1.ToUnderstandEnabled" time="9.364" errors="0" timestamp="2025-03-04T11:36:59 IST" skipped="1">
  <testcase classname="testNGPackage1.ToUnderstandEnabled" name="launchSelenium" time="9.364"/>
  <system-out/>
  <testcase classname="testNGPackage1.ToUnderstandEnabled" name="launchJavaTPoint">
    <skipped/>
  </testcase> <!-- launchJavaTPoint -->
  <system-out/>
</testsuite> <!-- testNGPackage1.ToUnderstandEnabled -->
