<?xml version="1.0" encoding="UTF-8"?>
<!-- Generated by org.testng.reporters.JUnitReportReporter -->
<testsuite hostname="DESKTOP-FLBM77S" failures="0" tests="2" name="testNGPackage1.Demo" time="0.024" errors="0" timestamp="2025-03-03T11:53:47 IST" skipped="0">
  <testcase classname="testNGPackage1.Demo" name="method1" time="0.021"/>
  <system-out>
    <![CDATA[This is TestNG method 1]]>
  </system-out>
  <testcase classname="testNGPackage1.Demo" name="method2" time="0.003"/>
  <system-out>
    <![CDATA[This is TestNG method 2]]>
  </system-out>
</testsuite> <!-- testNGPackage1.Demo -->
