<?xml version="1.0" encoding="UTF-8"?>
<!-- Generated by org.testng.reporters.JUnitReportReporter -->
<testsuite hostname="DESKTOP-FLBM77S" failures="0" tests="5" name="testNGPackage1.ToUnderstandThreadPoolSize" time="50.449" errors="0" timestamp="2025-03-04T11:18:55 IST" skipped="0">
  <testcase classname="testNGPackage1.ToUnderstandThreadPoolSize" name="launchSelenium" time="11.188"/>
  <system-out/>
  <testcase classname="testNGPackage1.ToUnderstandThreadPoolSize" name="launchSelenium" time="8.825"/>
  <system-out/>
  <testcase classname="testNGPackage1.ToUnderstandThreadPoolSize" name="launchSelenium" time="13.071"/>
  <system-out/>
  <testcase classname="testNGPackage1.ToUnderstandThreadPoolSize" name="launchSelenium" time="11.318"/>
  <system-out/>
  <testcase classname="testNGPackage1.ToUnderstandThreadPoolSize" name="launchSelenium" time="6.047"/>
  <system-out/>
</testsuite> <!-- testNGPackage1.ToUnderstandThreadPoolSize -->
