<?xml version="1.0" encoding="UTF-8"?>
<!-- Generated by org.testng.reporters.JUnitReportReporter -->
<testsuite hostname="DESKTOP-FLBM77S" failures="0" tests="1" name="testNGExecution.LaunchX" time="8.710" errors="0" timestamp="2025-03-05T15:55:20 IST" skipped="0">
  <testcase classname="testNGExecution.LaunchX" name="launchXTC" time="8.710"/>
  <system-out/>
</testsuite> <!-- testNGExecution.LaunchX -->
