<?xml version="1.0" encoding="UTF-8"?>
<!-- Generated by org.testng.reporters.JUnitReportReporter -->
<testsuite hostname="DESKTOP-FLBM77S" failures="0" tests="3" name="testNGDataProvider.LoginWithDataProvider" time="32.578" errors="0" timestamp="2025-03-10T11:51:49 IST" skipped="0">
  <testcase classname="testNGDataProvider.LoginWithDataProvider" name="invalidLoginTC" time="11.703"/>
  <system-out/>
  <testcase classname="testNGDataProvider.LoginWithDataProvider" name="invalidLoginTC" time="10.626"/>
  <system-out/>
  <testcase classname="testNGDataProvider.LoginWithDataProvider" name="invalidLoginTC" time="10.249"/>
  <system-out/>
</testsuite> <!-- testNGDataProvider.LoginWithDataProvider -->
