<?xml version="1.0" encoding="UTF-8"?>
<!-- Generated by org.testng.reporters.JUnitReportReporter -->
<testsuite hostname="DESKTOP-FLBM77S" failures="0" tests="1" name="testNGExecution.LaunchFacebook" time="9.082" errors="0" timestamp="2025-03-05T15:55:20 IST" skipped="0">
  <testcase classname="testNGExecution.LaunchFacebook" name="launchFacebookTC" time="9.082"/>
  <system-out/>
</testsuite> <!-- testNGExecution.LaunchFacebook -->
