<?xml version="1.0" encoding="UTF-8"?>
<!-- Generated by org.testng.reporters.JUnitReportReporter -->
<testsuite hostname="DESKTOP-FLBM77S" failures="0" tests="2" name="crossBrowser.CrossBrowser" time="21.755" errors="0" timestamp="2025-03-07T13:52:44 IST" skipped="0">
  <testcase classname="crossBrowser.CrossBrowser" name="crossBrowser" time="10.727"/>
  <system-out/>
  <testcase classname="crossBrowser.CrossBrowser" name="crossBrowser" time="11.028"/>
  <system-out/>
</testsuite> <!-- crossBrowser.CrossBrowser -->
