<?xml version="1.0" encoding="UTF-8"?>
<!-- Generated by org.testng.reporters.JUnitReportReporter -->
<testsuite hostname="DESKTOP-FLBM77S" failures="0" tests="2" name="testNGPackage1.ToUnderstandInvocationCount" time="15.131" errors="0" timestamp="2025-03-04T11:03:31 IST" skipped="0">
  <testcase classname="testNGPackage1.ToUnderstandInvocationCount" name="launchSelenium" time="5.637"/>
  <system-out/>
  <testcase classname="testNGPackage1.ToUnderstandInvocationCount" name="launchSelenium" time="9.494"/>
  <system-out/>
</testsuite> <!-- testNGPackage1.ToUnderstandInvocationCount -->
