<?xml version="1.0" encoding="UTF-8"?>
<!-- Generated by org.testng.reporters.JUnitReportReporter -->
<testsuite hostname="DESKTOP-FLBM77S" failures="0" tests="2" name="testNGAnnotation.ToUndestandAnnotation" time="0.020" errors="0" timestamp="2025-03-07T11:33:13 IST" skipped="0">
  <testcase classname="testNGAnnotation.ToUndestandAnnotation" name="test2" time="0.004"/>
  <system-out>
    <![CDATA[test 2 method]]>
  </system-out>
  <testcase classname="testNGAnnotation.ToUndestandAnnotation" name="test1" time="0.016"/>
  <system-out>
    <![CDATA[test1 method]]>
  </system-out>
</testsuite> <!-- testNGAnnotation.ToUndestandAnnotation -->
