<?xml version="1.0" encoding="UTF-8"?>
<!-- Generated by org.testng.reporters.JUnitReportReporter -->
<testsuite hostname="DESKTOP-FLBM77S" failures="0" tests="1" name="testNGExecution2.HeroMotors" time="15.297" errors="0" timestamp="2025-03-05T15:55:20 IST" skipped="0">
  <testcase classname="testNGExecution2.HeroMotors" name="launchHeroMotorsTC" time="15.297"/>
  <system-out/>
</testsuite> <!-- testNGExecution2.HeroMotors -->
