<?xml version="1.0" encoding="UTF-8"?>
<!-- Generated by org.testng.reporters.JUnitReportReporter -->
<testsuite hostname="DESKTOP-FLBM77S" failures="0" tests="1" name="parameterization.ParameterizedMethod" time="6.862" errors="0" timestamp="2025-03-07T13:56:30 IST" skipped="0">
  <testcase classname="parameterization.ParameterizedMethod" name="parameterMethod" time="6.862"/>
  <system-out/>
</testsuite> <!-- parameterization.ParameterizedMethod -->
