<?xml version="1.0" encoding="UTF-8"?>
<!-- Generated by org.testng.reporters.JUnitReportReporter -->
<testsuite hostname="DESKTOP-FLBM77S" failures="0" tests="5" name="testNGPackage1.ToUnderstandDependentsOnMethod" time="0.050" errors="0" timestamp="2025-03-04T12:02:26 IST" skipped="0">
  <testcase classname="testNGPackage1.ToUnderstandDependentsOnMethod" name="login" time="0.003"/>
  <system-out>
    <![CDATA[This is login method]]>
  </system-out>
  <testcase classname="testNGPackage1.ToUnderstandDependentsOnMethod" name="checkAccountBalance" time="0.004"/>
  <system-out>
    <![CDATA[This is checkAccountBalance method]]>
  </system-out>
  <testcase classname="testNGPackage1.ToUnderstandDependentsOnMethod" name="register" time="0.038"/>
  <system-out>
    <![CDATA[This is register method]]>
  </system-out>
  <testcase classname="testNGPackage1.ToUnderstandDependentsOnMethod" name="moneyTransfer" time="0.002"/>
  <system-out>
    <![CDATA[This is moneyTransfer method]]>
  </system-out>
  <testcase classname="testNGPackage1.ToUnderstandDependentsOnMethod" name="logout" time="0.003"/>
  <system-out>
    <![CDATA[This is logout method]]>
  </system-out>
</testsuite> <!-- testNGPackage1.ToUnderstandDependentsOnMethod -->
