<?xml version="1.0" encoding="UTF-8"?>
<!-- Generated by org.testng.reporters.JUnitReportReporter -->
<testsuite hostname="DESKTOP-FLBM77S" failures="0" tests="1" name="testPackage.TC_BuyProductFromCart_003_Test" time="17.366" errors="0" timestamp="2025-03-20T11:42:25 IST" skipped="0">
  <testcase classname="testPackage.TC_BuyProductFromCart_003_Test" name="buyProduct" time="17.366"/>
  <system-out/>
</testsuite> <!-- testPackage.TC_BuyProductFromCart_003_Test -->
