<?xml version="1.0" encoding="UTF-8"?>
<!-- Generated by org.testng.reporters.JUnitReportReporter -->
<testsuite hostname="DESKTOP-FLBM77S" failures="0" tests="1" name="testPackage.AddToCartPage" time="13.462" errors="0" timestamp="2025-03-18T10:47:19 IST" skipped="0">
  <testcase classname="testPackage.AddToCartPage" name="addToCart" time="13.462"/>
  <system-out/>
</testsuite> <!-- testPackage.AddToCartPage -->
