<?xml version="1.0" encoding="UTF-8"?>
<!-- Generated by org.testng.reporters.JUnitReportReporter -->
<testsuite hostname="DESKTOP-FLBM77S" failures="0" tests="1" name="testPackage.TC_AddToCartPage_001_Test" time="11.794" errors="0" timestamp="2025-03-18T10:56:21 IST" skipped="0">
  <testcase classname="testPackage.TC_AddToCartPage_001_Test" name="addToCart" time="11.794"/>
  <system-out/>
</testsuite> <!-- testPackage.TC_AddToCartPage_001_Test -->
