<?xml version="1.0" encoding="UTF-8"?>
<!-- Generated by org.testng.reporters.JUnitReportReporter -->
<testsuite hostname="DESKTOP-FLBM77S" failures="0" tests="1" name="testPackage.TC_RemoveProductFromCart_002_Test" time="30.713" errors="0" timestamp="2025-03-18T12:18:22 IST" skipped="0">
  <testcase classname="testPackage.TC_RemoveProductFromCart_002_Test" name="removeProductFromCart" time="30.713"/>
  <system-out>
    <![CDATA[Product is Reomoved from Cart]]>
  </system-out>
</testsuite> <!-- testPackage.TC_RemoveProductFromCart_002_Test -->
